Build started 5/11/2016 6:24:26 PM.
     1>Project "C:\p3test\p2\Project3\Project3.vcxproj" on node 2 (Build target(s)).
     1>ClCompile:
         C:\Program Files (x86)\Microsoft Visual Studio 11.0\VC\bin\CL.exe /c /I"C:\OgreSDK\OgreSDK_vc11_v1-9-0/include/OGRE/Overlay" /I"C:\OgreSDK\OgreSDK_vc11_v1-9-0/boost/" /I"C:\OgreSDK\OgreSDK_vc11_v1-9-0/include/OIS" /I"C:\OgreSDK\OgreSDK_vc11_v1-9-0/include/OGRE" /I"C:\OgreSDK\OgreSDK_vc11_v1-9-0/include" /ZI /nologo /W3 /WX- /Od /Oy- /D WIN32 /D _DEBUG /D _WINDOWS /D _MBCS /Gm /EHsc /RTC1 /MDd /GS /fp:precise /Zc:wchar_t /Zc:forScope /Fo"Debug\\" /Fd"Debug\vc110.pdb" /Gd /TP /analyze- /errorReport:prompt AIManager.cpp Camera.cpp InputHandler.cpp LevelGenerator.cpp main.cpp MainListener.cpp MainMenu.cpp Monster.cpp OBB.cpp Player.cpp Project3.cpp Room.cpp Wall.cpp World.cpp
         World.cpp
     1>c:\p3test\p2\project3\world.cpp(31): warning C4305: 'argument' : truncation from 'double' to 'float'
     1>c:\p3test\p2\project3\world.cpp(47): warning C4305: 'argument' : truncation from 'double' to 'Ogre::Real'
     1>c:\p3test\p2\project3\world.cpp(49): warning C4305: 'argument' : truncation from 'double' to 'Ogre::Real'
         Wall.cpp
         Room.cpp
     1>c:\p3test\p2\project3\room.cpp(19): warning C4244: 'argument' : conversion from 'Ogre::Real' to 'int', possible loss of data
     1>c:\p3test\p2\project3\room.cpp(20): warning C4244: 'argument' : conversion from 'Ogre::Real' to 'int', possible loss of data
     1>c:\p3test\p2\project3\room.cpp(21): warning C4244: 'argument' : conversion from 'Ogre::Real' to 'int', possible loss of data
     1>c:\p3test\p2\project3\room.cpp(22): warning C4244: 'argument' : conversion from 'Ogre::Real' to 'int', possible loss of data
         Project3.cpp
         Player.cpp
     1>c:\p3test\p2\project3\player.cpp(43): warning C4244: 'argument' : conversion from 'int' to 'Ogre::Real', possible loss of data
     1>c:\p3test\p2\project3\player.cpp(46): warning C4244: 'argument' : conversion from 'int' to 'Ogre::Real', possible loss of data
     1>c:\p3test\p2\project3\player.cpp(49): warning C4244: 'argument' : conversion from 'int' to 'Ogre::Real', possible loss of data
         OBB.cpp
         Monster.cpp
     1>c:\p3test\p2\project3\monster.cpp(14): warning C4305: 'argument' : truncation from 'double' to 'Ogre::Real'
         MainMenu.cpp
     1>c:\p3test\p2\project3\mainmenu.cpp(42): warning C4244: 'argument' : conversion from 'double' to 'const Ogre::Real', possible loss of data
     1>c:\p3test\p2\project3\mainmenu.cpp(58): warning C4244: 'argument' : conversion from 'double' to 'const Ogre::Real', possible loss of data
         MainListener.cpp
     1>c:\p3test\p2\project3\world.h(34): error C2061: syntax error : identifier 'OBB'
         main.cpp
         LevelGenerator.cpp
     1>c:\p3test\p2\project3\levelgenerator.cpp(150): warning C4554: '&' : check operator precedence for possible error; use parentheses to clarify precedence
     1>c:\p3test\p2\project3\levelgenerator.cpp(154): warning C4554: '&' : check operator precedence for possible error; use parentheses to clarify precedence
     1>c:\p3test\p2\project3\levelgenerator.cpp(158): warning C4554: '&' : check operator precedence for possible error; use parentheses to clarify precedence
     1>c:\p3test\p2\project3\levelgenerator.cpp(162): warning C4554: '&' : check operator precedence for possible error; use parentheses to clarify precedence
     1>c:\p3test\p2\project3\levelgenerator.cpp(166): warning C4244: 'argument' : conversion from 'int' to 'const Ogre::Real', possible loss of data
     1>c:\p3test\p2\project3\levelgenerator.cpp(172): warning C4244: 'argument' : conversion from 'int' to 'Ogre::Real', possible loss of data
     1>c:\p3test\p2\project3\levelgenerator.cpp(172): warning C4305: 'argument' : truncation from 'double' to 'Ogre::Real'
         InputHandler.cpp
         Camera.cpp
     1>c:\p3test\p2\project3\camera.cpp(8): warning C4305: 'argument' : truncation from 'double' to 'Ogre::Real'
         AIManager.cpp
         Generating Code...
     1>Done Building Project "C:\p3test\p2\Project3\Project3.vcxproj" (Build target(s)) -- FAILED.

Build FAILED.

Time Elapsed 00:02:14.12
